<?xml version="1.0" encoding="UTF-8"?>
<!-- Generated by org.testng.reporters.JUnitReportReporter -->
<testsuite skipped="0" hostname="DESKTOP-FID49DI" name="com.tests.IndexTest" tests="6" failures="0" timestamp="05 Apr 2022 07:29:13 GMT" time="2.998" errors="0">
  <testcase name="index_Test1" time="0.381" classname="com.tests.IndexTest"/>
  <testcase name="index_Test2" time="0.085" classname="com.tests.IndexTest"/>
  <testcase name="index_Test3" time="0.233" classname="com.tests.IndexTest"/>
  <testcase name="index_Test4" time="0.065" classname="com.tests.IndexTest"/>
  <testcase name="index_Test5" time="1.959" classname="com.tests.IndexTest"/>
  <testcase name="index_Test6" time="0.275" classname="com.tests.IndexTest"/>
</testsuite> <!-- com.tests.IndexTest -->
